\BOOKMARK [1][-]{section.1}{\376\377\000C\000l\000a\000s\000s\000\040\0001\000\040\000-\000\040\000S\000e\000t\000\040\000T\000h\000e\000o\000r\000y\000,\000\040\000P\000r\000o\000b\000a\000b\000i\000l\000i\000t\000y\000,\000\040\000a\000n\000d\000\040\000I\000n\000d\000i\000c\000a\000t\000o\000r\000\040\000F\000u\000n\000c\000t\000i\000o\000n\000s}{}% 1
\BOOKMARK [2][-]{subsection.1.1}{\376\377\000S\000e\000t\000\040\000T\000h\000e\000o\000r\000y}{section.1}% 2
\BOOKMARK [3][-]{subsubsection.1.1.1}{\376\377\000R\000e\000v\000i\000e\000w\000\040\000o\000f\000\040\000b\000a\000s\000i\000c\000\040\000d\000e\000f\000i\000n\000i\000t\000i\000o\000n\000s}{subsection.1.1}% 3
\BOOKMARK [3][-]{subsubsection.1.1.2}{\376\377\000R\000e\000v\000i\000e\000w\000\040\000o\000f\000\040\000s\000e\000t\000\040\000o\000p\000e\000r\000a\000t\000i\000o\000n\000s}{subsection.1.1}% 4
\BOOKMARK [3][-]{subsubsection.1.1.3}{\376\377\000R\000e\000v\000i\000e\000w\000\040\000o\000f\000\040\000c\000o\000m\000m\000o\000n\000\040\000s\000e\000t\000\040\000p\000r\000o\000p\000e\000r\000t\000i\000e\000s}{subsection.1.1}% 5
\BOOKMARK [3][-]{subsubsection.1.1.4}{\376\377\000T\000h\000e\000\040\000s\000y\000m\000m\000e\000t\000r\000i\000c\000\040\000d\000i\000f\000f\000e\000r\000e\000n\000c\000e}{subsection.1.1}% 6
\BOOKMARK [2][-]{subsection.1.2}{\376\377\000P\000r\000o\000b\000a\000b\000i\000l\000i\000t\000i\000e\000s}{section.1}% 7
\BOOKMARK [3][-]{subsubsection.1.2.1}{\376\377\000R\000e\000v\000i\000e\000w}{subsection.1.2}% 8
\BOOKMARK [3][-]{subsubsection.1.2.2}{\376\377\000A\000x\000i\000o\000m\000s\000\040\000o\000f\000\040\000p\000r\000o\000b\000a\000b\000i\000l\000i\000t\000y}{subsection.1.2}% 9
\BOOKMARK [3][-]{subsubsection.1.2.3}{\376\377\000I\000n\000c\000l\000u\000s\000i\000o\000n\000-\000E\000x\000c\000l\000u\000s\000i\000o\000n\000\040\000P\000r\000i\000n\000c\000i\000p\000l\000e}{subsection.1.2}% 10
\BOOKMARK [2][-]{subsection.1.3}{\376\377\000I\000n\000d\000i\000c\000a\000t\000o\000r\000\040\000F\000u\000n\000c\000t\000i\000o\000n\000s}{section.1}% 11
\BOOKMARK [3][-]{subsubsection.1.3.1}{\376\377\000D\000e\000f\000i\000n\000i\000t\000i\000o\000n}{subsection.1.3}% 12
\BOOKMARK [3][-]{subsubsection.1.3.2}{\376\377\000P\000r\000o\000p\000e\000r\000t\000i\000e\000s\000\040\000o\000f\000\040\000t\000h\000e\000\040\000i\000n\000d\000i\000c\000a\000t\000o\000r\000\040\000f\000u\000n\000c\000t\000i\000o\000n}{subsection.1.3}% 13
\BOOKMARK [3][-]{subsubsection.1.3.3}{\376\377\000D\000e\000m\000o\000n\000s\000t\000r\000a\000t\000i\000n\000g\000\040\000t\000h\000e\000\040\000u\000s\000e\000f\000u\000l\000n\000e\000s\000s\000\040\000o\000f\000\040\000i\000n\000d\000i\000c\000a\000t\000o\000r\000s}{subsection.1.3}% 14
\BOOKMARK [1][-]{section.2}{\376\377\000C\000l\000a\000s\000s\000\040\0002\000\040\000-\000\040\000C\000o\000n\000d\000i\000t\000i\000o\000n\000a\000l\000\040\000P\000r\000o\000b\000a\000b\000i\000l\000i\000t\000y\000,\000\040\000I\000n\000d\000e\000p\000e\000n\000d\000e\000n\000c\000e\000,\000\040\000a\000n\000d\000\040\000L\000a\000w\000\040\000o\000f\000\040\000T\000o\000t\000a\000l\000\040\000P\000r\000o\000b\000a\000b\000i\000l\000i\000t\000y}{}% 15
\BOOKMARK [2][-]{subsection.2.1}{\376\377\000C\000o\000n\000d\000i\000t\000i\000o\000n\000a\000l\000\040\000P\000r\000o\000b\000a\000b\000i\000l\000i\000t\000y}{section.2}% 16
\BOOKMARK [2][-]{subsection.2.2}{\376\377\000I\000n\000d\000e\000p\000e\000n\000d\000e\000n\000c\000e}{section.2}% 17
\BOOKMARK [2][-]{subsection.2.3}{\376\377\000L\000a\000w\000\040\000o\000f\000\040\000T\000o\000t\000a\000l\000\040\000P\000r\000o\000b\000a\000b\000i\000l\000i\000t\000y}{section.2}% 18
\BOOKMARK [1][-]{section.3}{\376\377\000C\000l\000a\000s\000s\000\040\0003\000\040\000-\000\040\000B\000a\000y\000e\000s\000\040\000R\000u\000l\000e\000\040\000a\000n\000d\000\040\000C\000o\000u\000n\000t\000i\000n\000g}{}% 19
\BOOKMARK [2][-]{subsection.3.1}{\376\377\000B\000a\000y\000e\000s\000\040\000R\000u\000l\000e}{section.3}% 20
\BOOKMARK [2][-]{subsection.3.2}{\376\377\000C\000o\000u\000n\000t\000i\000n\000g}{section.3}% 21
\BOOKMARK [3][-]{subsubsection.3.2.1}{\376\377\000C\000o\000u\000n\000t\000i\000n\000g\000\040\000P\000r\000i\000n\000c\000i\000p\000l\000e\000s}{subsection.3.2}% 22
\BOOKMARK [3][-]{subsubsection.3.2.2}{\376\377\000S\000a\000m\000p\000l\000i\000n\000g\000\040\000T\000a\000x\000o\000n\000o\000m\000y\000\040\000-\000\040\0004\000\040\000k\000i\000n\000d\000s\000\040\000o\000f\000\040\000s\000a\000m\000p\000l\000i\000n\000g\000\040\000r\000e\000g\000i\000m\000e\000s}{subsection.3.2}% 23
\BOOKMARK [3][-]{subsubsection.3.2.3}{\376\377\000O\000r\000d\000e\000r\000e\000d\000,\000\040\000w\000i\000t\000h\000o\000u\000t\000\040\000r\000e\000p\000l\000a\000c\000e\000m\000e\000n\000t\000\040\000-\000\040\000P\000e\000r\000m\000u\000t\000a\000t\000i\000o\000n\000s}{subsection.3.2}% 24
\BOOKMARK [3][-]{subsubsection.3.2.4}{\376\377\000U\000n\000o\000r\000d\000e\000r\000e\000d\000,\000\040\000w\000i\000t\000h\000o\000u\000t\000\040\000r\000e\000p\000l\000a\000c\000e\000m\000e\000n\000t\000\040\000-\000\040\000C\000o\000m\000b\000i\000n\000a\000t\000i\000o\000n\000s}{subsection.3.2}% 25
\BOOKMARK [3][-]{subsubsection.3.2.5}{\376\377\000U\000n\000o\000r\000d\000e\000r\000e\000d\000,\000\040\000w\000i\000t\000h\000\040\000r\000e\000p\000l\000a\000c\000e\000m\000e\000n\000t\000\040\000-\000\040\000M\000u\000l\000t\000i\000s\000e\000t\000s}{subsection.3.2}% 26
\BOOKMARK [3][-]{subsubsection.3.2.6}{\376\377\000S\000u\000m\000m\000a\000r\000y}{subsection.3.2}% 27
